# steering_fantomas.txt
# 2024-11-08 15:01:44
# improved chi2 during fitting process
809.3775288
808.2494724
794.9552258
782.0122492
735.9500492
715.7556245
715.5949315
715.3672519
715.3672518
715.3672518
546.8201407
546.754125
546.7368288
461.9171543
460.6354904
460.4801992
460.1007853
460.0916106
460.0866433
459.4765582
459.4594498
459.4560573
458.4447878
457.9865237
457.9650257
457.9643227
457.4061983
457.3092799
457.3071025
457.3059936
457.2997865
457.2984977
456.782902
455.4436084
455.4333547
455.4315496
455.1494234
454.8896589
454.8717881
454.870889
454.0706617
452.9298015
452.9108902
452.308714
451.928408
451.9233677
451.9198991
451.9198012
451.9183304
451.3786409
451.1753613
450.9461709
450.9206613
450.9100797
450.9070905
450.6336419
450.5928297
450.5407315
450.524124
450.5218416
450.263704
449.682987
449.6625461
449.6599027
449.6568932
449.6548639
448.90056
448.8538368
448.8351605
448.8330495
448.8191171
448.432251
448.2380911
448.2367759
448.2365543
448.2317583
448.228565
447.9441001
447.8805578
447.7998233
447.79532
447.784592
447.78193
447.5701779
447.0938581
447.078342
446.8966214
446.5161111
446.5132504
446.5120009
446.5097236
446.506558
446.3403555
445.8395156
445.8314018
445.8310016
445.8293067
445.408247
445.3645961
445.3520092
445.1220776
445.1183759
445.1161489
445.1150135
445.1147543
444.8702121
444.328252
444.3143935
444.3040746
444.3038851
443.802599
443.6603204
443.6391178
443.6338588
443.631551
443.6314352
443.6287571
443.628409
443.6277818
443.4326579
443.3972881
443.3906931
443.3902123
443.3874645
443.3873993
443.0971199
442.7878345
442.776964
442.6116321
442.6095381
442.6093295
442.6072936
442.6058497
442.398875
442.1320975
442.1239474
442.1171981
442.1082944
442.1082479
441.7549393
441.5280748
441.4894819
441.48557
441.4818244
441.481731
441.4796253
441.4775958
441.1679052
441.0866594
441.0810599
441.076588
441.0082951
440.9350848
440.9331501
440.9320696
440.9319563
440.9315707
440.931366
440.8296431
440.8239838
440.8178778
440.7431436
440.6460397
440.6415316
440.6398866
440.5289577
440.4782398
440.4768174
440.4735479
440.3616706
440.3402944
440.3298094
440.2913931
440.2887592
440.2881757
440.2668156
440.2627828
440.2625792
440.2625242
440.1937566
440.1120665
440.1079137
440.107356
440.1048807
440.1031258
439.9990309
439.9934778
439.9929628
439.8977059
439.8670192
439.8666801
439.8665636
439.8661383
439.8647765
439.8633491
439.8089649
439.772367
439.7662724
439.7525493
439.7497112
439.7494851
439.7477974
439.7466118
439.699323
439.5599808
439.5548344
439.5483707
439.5478026
439.5404188
439.5329165
439.5327905
439.4943562
439.4522793
439.4478373
439.4463273
439.4181873
439.329365
439.1396113
438.9958253
438.9881027
438.9868789
438.7989733
438.795287
438.7940126
438.7936786
438.7936435
438.792337
438.6657844
438.5820251
438.49933
438.485208
438.4840921
438.4813962
438.4810793
438.4809296
438.4808138
438.1996014
438.1150019
438.1072382
437.9550607
437.9520084
437.9425507
437.9425061
437.8130746
437.7950168
437.7929818
437.791018
437.7084382
437.6128322
437.5791535
437.577504
437.5769662
437.5764626
437.5762012
437.5745365
437.5311783
437.5295603
437.5272701
437.5248961
437.524622
437.5111937
437.4992584
437.4989345
437.498478
437.4978215
437.4897929
437.4881689
437.4875133
437.486946
437.4868734
437.4851724
437.4843433
437.4840192
437.4839322
437.4831573
437.4815796
437.4710009
437.4479492
437.420897
437.419703
437.4191668
437.4176553
437.4175697
437.417251
437.4171963
437.4167921
437.4122271
437.4108658
437.4091568
437.4086586
437.4083192
437.4077892
437.4066069
437.4062194
437.4034059
437.4033382
437.4026128
437.401175
437.3837552
437.3597098
437.3579679
437.3555527
437.3551844
437.3540058
437.3212055
437.3016717
437.300511
437.3001075
437.2994248
437.2991762
437.277283
437.2671948
437.2670574
437.266898
437.26687
437.2657609
437.2455339
437.2277101
437.2108433
437.2079692
437.2078658
437.1553835
437.1298773
437.1264563
437.1263631
437.1219364
437.0946336
437.0924798
437.0885503
437.0883302
437.0830135
437.0525816
437.0265547
437.0262226
437.0252051
437.0009966
436.9736535
436.9014105
436.9013342
436.9013015
436.901207
436.9009237
436.900609
436.8896646
436.8888042
436.888778
436.8885773
436.8882898
436.8882807
436.8873695
436.8873113
436.8864948
436.8863526
436.8825044
436.88165
436.8816117
436.8813572
436.8808787
436.8804344
436.8802101
436.8797993
436.8797809
436.8797611
436.879752
436.8797199
436.8796792
