# steering_fantomas.txt
# 2024-11-12 07:47:42
# improved chi2 during fitting process
448.8399211
448.8399206
448.8395498
448.8394051
448.746521
448.7021508
448.6985716
448.5496885
448.541297
448.5404017
448.540047
448.0716679
447.9898933
447.9885165
447.9877363
447.9863717
447.9862134
447.9855971
447.7393169
447.6661502
447.6651834
447.6615901
447.6601872
447.4843725
447.0552235
447.0175697
447.0160373
447.0090979
446.8522228
446.2566271
445.240215
445.1296233
445.0291092
445.022308
445.0165194
444.0667678
443.609103
443.600118
443.6000657
443.5977341
443.5955572
442.8527726
442.6822661
442.6467965
442.4972706
442.4957851
442.4924806
442.4897774
442.4887449
442.4875308
441.9769162
441.7932579
441.7828
441.7702808
441.7684747
441.3344681
440.3404969
440.3012525
440.3001804
440.2999031
440.2978702
440.2965479
440.2946708
439.9287819
439.615755
439.5943014
439.5901561
439.5849588
439.2834746
438.8497495
438.8392497
438.8351107
438.8233615
438.5610466
437.8842789
437.8149483
437.8016763
437.8002103
437.8000271
437.0360051
436.9097383
436.9042649
436.903981
436.9011952
436.137418
435.7537992
435.7032437
435.7027902
435.7023861
435.7004588
435.6963476
435.6945725
435.1354259
434.9471221
434.7553907
434.7485636
434.7467113
434.7455941
434.7442125
434.4621206
434.4547042
434.4536923
434.4517307
434.4512938
434.1771791
433.8115043
433.7802149
433.7747371
433.7695614
433.7693326
433.7691349
433.7689159
433.6630356
433.6436385
433.643334
433.6414655
433.6386419
433.5969673
433.579152
433.5778097
433.5767304
433.5767041
433.5766353
433.5587996
433.5584575
433.557868
433.5578217
433.557744
433.5576884
433.5546802
433.5545839
433.5544534
433.5542662
433.5526662
433.549174
433.5488186
433.5486025
433.5485581
433.5474611
433.5410388
433.5279244
433.5123345
433.5121242
433.5113384
433.4963303
433.4949229
433.4924537
433.4918416
433.491171
433.4905889
433.4902776
433.4897256
433.4889601
433.4888293
433.4882747
433.4882665
433.4872945
433.4858654
433.4852146
433.4850827
433.4848609
433.4845831
433.4839358
433.4832421
433.483086
433.4829542
433.4822667
433.4815759
433.4814834
433.4814702
433.4813023
433.4811586
433.4809627
433.4808429
433.4807622
433.4807582
433.4805174
433.4804455
433.4804319
433.4802959
433.4801824
433.4801391
433.4801263
433.4801172
433.480111
433.4800813
433.4799919
433.4795759
433.4787051
433.47863
433.4782846
433.4782018
433.4776804
433.4776116
433.4775816
433.4769268
433.4767065
433.4763035
433.4762927
433.4760284
433.475976
433.4750176
433.4743709
433.4735534
433.4733357
433.4733005
433.4732103
433.4711304
433.4704135
433.4682437
433.4676865
433.4673596
433.4670241
433.4635463
433.4635439
433.4625936
433.4613307
433.4611285
433.4608915
433.4590543
433.4555376
433.4554885
433.4552736
433.4552324
433.4551266
433.4548373
433.4519368
433.4514941
433.4506775
433.4505803
433.4503515
433.4491517
433.4467664
433.4466067
433.4463284
433.4462463
433.4462081
433.4461985
433.4461833
433.4460286
433.4459935
433.4456372
433.4456334
433.4456316
433.4454928
433.4454333
433.4454033
433.445355
433.4451938
433.4448806
433.4446542
433.4446478
433.4444728
433.4444563
433.4430387
433.4430029
433.4429827
433.4429669
433.4429668
