This file contains any messages produced by compilers while
running configure, to aid debugging if configure makes a mistake.

It was created by libmyabkm configure 1.5, which was
generated by GNU Autoconf 2.59.  Invocation command line was

  $ ./configure --prefix=/afs/desy.de/user/r/ringaile/h1ng401/herafitter-trunk-abkm/trunk --enable-applgrid LDFLAGS=-L/usr/X11R6/lib -lX11 -lm --cache-file=/dev/null --srcdir=.

## --------- ##
## Platform. ##
## --------- ##

hostname = h1ng401
uname -m = i686
uname -r = 2.6.18-238.9.1.el5PAE
uname -s = Linux
uname -v = #1 SMP Tue Apr 12 19:28:32 EDT 2011

/usr/bin/uname -p = unknown
/bin/uname -X     = unknown

/bin/arch              = i686
/usr/bin/arch -k       = unknown
/usr/convex/getsysinfo = unknown
hostinfo               = unknown
/bin/machine           = unknown
/usr/bin/oslevel       = unknown
/bin/universe          = unknown

PATH: /opt/products/root/5.26.00/bin
PATH: /tmp/local/bin
PATH: /afs/desy.de/user/r/ringaile/bin.Linux_RHEL
PATH: /afs/desy.de/user/r/ringaile/bin
PATH: /etc/local/groups/h1/bin
PATH: /etc/local/groups/h1/scripts
PATH: /opt/products/root/4.04.02/bin
PATH: /usr/sue/bin
PATH: /opt/products/scripts
PATH: /opt/products/bin
PATH: /bin
PATH: /usr/bin
PATH: /usr/bin/X11
PATH: /usr/local/X11/bin
PATH: /usr/local/bin
PATH: /usr/kerberos/bin
PATH: /cern/pro/bin
PATH: .
PATH: /opt/products/oracle-client/10.2g/bin
PATH: .
PATH: /afs/desy.de/user/r/ringaile/.bin
PATH: /cern/new/bin
PATH: /afs/desy.de/user/r/ringaile/h1ng401/herafitter-trunk/applgrid122/bin


## ----------- ##
## Core tests. ##
## ----------- ##

configure:1335: checking for a BSD-compatible install
configure:1390: result: /usr/bin/install -c
configure:1401: checking whether build environment is sane
configure:1444: result: yes
configure:1509: checking for gawk
configure:1525: found /bin/gawk
configure:1535: result: gawk
configure:1545: checking whether make sets $(MAKE)
configure:1565: result: yes
configure:1787: checking for gfortran
configure:1803: found /usr/bin/gfortran
configure:1813: result: gfortran
configure:1828: checking for Fortran compiler version
configure:1831: gfortran --version </dev/null >&5
GNU Fortran (GCC) 4.1.2 20080704 (Red Hat 4.1.2-50)
Copyright (C) 2007 Free Software Foundation, Inc.

GNU Fortran comes with NO WARRANTY, to the extent permitted by law.
You may redistribute copies of GNU Fortran
under the terms of the GNU General Public License.
For more information about these matters, see the file named COPYING

configure:1834: $? = 0
configure:1836: gfortran -v </dev/null >&5
Using built-in specs.
Target: i386-redhat-linux
Configured with: ../configure --prefix=/usr --mandir=/usr/share/man --infodir=/usr/share/info --enable-shared --enable-threads=posix --enable-checking=release --with-system-zlib --enable-__cxa_atexit --disable-libunwind-exceptions --enable-libgcj-multifile --enable-languages=c,c++,objc,obj-c++,java,fortran,ada --enable-java-awt=gtk --disable-dssi --disable-plugin --with-java-home=/usr/lib/jvm/java-1.4.2-gcj-1.4.2.0/jre --with-cpu=generic --host=i386-redhat-linux
Thread model: posix
gcc version 4.1.2 20080704 (Red Hat 4.1.2-50)
configure:1839: $? = 0
configure:1841: gfortran -V </dev/null >&5
gfortran: '-V' option must have argument
configure:1844: $? = 1
configure:1858: checking for Fortran compiler default output file name
configure:1861: gfortran  -L/usr/X11R6/lib -lX11 -lm  conftest.f  >&5
configure:1864: $? = 0
configure:1910: result: a.out
configure:1915: checking whether the Fortran compiler works
configure:1921: ./a.out
configure:1924: $? = 0
configure:1941: result: yes
configure:1948: checking whether we are cross compiling
configure:1950: result: no
configure:1953: checking for suffix of executables
configure:1955: gfortran -o conftest  -L/usr/X11R6/lib -lX11 -lm  conftest.f  >&5
configure:1958: $? = 0
configure:1983: result: 
configure:1989: checking for suffix of object files
configure:2000: gfortran -c   conftest.f >&5
configure:2003: $? = 0
configure:2025: result: o
configure:2033: checking whether we are using the GNU Fortran compiler
configure:2047: gfortran -c   conftest.F >&5
configure:2053: $? = 0
configure:2057: test -z 
			 || test ! -s conftest.err
configure:2060: $? = 0
configure:2063: test -s conftest.o
configure:2066: $? = 0
configure:2079: result: yes
configure:2085: checking whether gfortran accepts -g
configure:2097: gfortran -c -g  conftest.f >&5
configure:2103: $? = 0
configure:2107: test -z 
			 || test ! -s conftest.err
configure:2110: $? = 0
configure:2113: test -s conftest.o
configure:2116: $? = 0
configure:2128: result: yes
configure:2203: checking for gfortran
configure:2219: found /usr/bin/gfortran
configure:2229: result: gfortran
configure:2244: checking for Fortran 77 compiler version
configure:2247: gfortran --version </dev/null >&5
GNU Fortran (GCC) 4.1.2 20080704 (Red Hat 4.1.2-50)
Copyright (C) 2007 Free Software Foundation, Inc.

GNU Fortran comes with NO WARRANTY, to the extent permitted by law.
You may redistribute copies of GNU Fortran
under the terms of the GNU General Public License.
For more information about these matters, see the file named COPYING

configure:2250: $? = 0
configure:2252: gfortran -v </dev/null >&5
Using built-in specs.
Target: i386-redhat-linux
Configured with: ../configure --prefix=/usr --mandir=/usr/share/man --infodir=/usr/share/info --enable-shared --enable-threads=posix --enable-checking=release --with-system-zlib --enable-__cxa_atexit --disable-libunwind-exceptions --enable-libgcj-multifile --enable-languages=c,c++,objc,obj-c++,java,fortran,ada --enable-java-awt=gtk --disable-dssi --disable-plugin --with-java-home=/usr/lib/jvm/java-1.4.2-gcj-1.4.2.0/jre --with-cpu=generic --host=i386-redhat-linux
Thread model: posix
gcc version 4.1.2 20080704 (Red Hat 4.1.2-50)
configure:2255: $? = 0
configure:2257: gfortran -V </dev/null >&5
gfortran: '-V' option must have argument
configure:2260: $? = 1
configure:2268: checking whether we are using the GNU Fortran 77 compiler
configure:2282: gfortran -c  conftest.F >&5
configure:2288: $? = 0
configure:2292: test -z 
			 || test ! -s conftest.err
configure:2295: $? = 0
configure:2298: test -s conftest.o
configure:2301: $? = 0
configure:2314: result: yes
configure:2320: checking whether gfortran accepts -g
configure:2332: gfortran -c -g conftest.f >&5
configure:2338: $? = 0
configure:2342: test -z 
			 || test ! -s conftest.err
configure:2345: $? = 0
configure:2348: test -s conftest.o
configure:2351: $? = 0
configure:2363: result: yes
configure:2400: checking for style of include used by make
configure:2428: result: GNU
configure:2499: checking for gcc
configure:2515: found /usr/sue/bin/gcc
configure:2525: result: gcc
configure:2769: checking for C compiler version
configure:2772: gcc --version </dev/null >&5
gcc (GCC) 4.4.0 20090514 (Red Hat 4.4.0-6)
Copyright (C) 2009 Free Software Foundation, Inc.
This is free software; see the source for copying conditions.  There is NO
warranty; not even for MERCHANTABILITY or FITNESS FOR A PARTICULAR PURPOSE.

configure:2775: $? = 0
configure:2777: gcc -v </dev/null >&5
Using built-in specs.
Target: i386-redhat-linux6E
Configured with: ../configure --prefix=/usr --mandir=/usr/share/man --infodir=/usr/share/info --with-bugurl=http://bugzilla.redhat.com/bugzilla --enable-bootstrap --enable-shared --enable-threads=posix --enable-checking=release --with-system-zlib --enable-__cxa_atexit --disable-libunwind-exceptions --enable-languages=c,c++,fortran --disable-libgcj --with-mpfr=/builddir/build/BUILD/gcc-4.4.0-20090514/obj-i386-redhat-linux6E/mpfr-install/ --with-ppl=/builddir/build/BUILD/gcc-4.4.0-20090514/obj-i386-redhat-linux6E/ppl-install --with-cloog=/builddir/build/BUILD/gcc-4.4.0-20090514/obj-i386-redhat-linux6E/cloog-install --with-tune=generic --with-arch=i586 --build=i386-redhat-linux6E
Thread model: posix
gcc version 4.4.0 20090514 (Red Hat 4.4.0-6) (GCC) 
configure:2780: $? = 0
configure:2782: gcc -V </dev/null >&5
gcc: '-V' option must have argument
configure:2785: $? = 1
configure:2788: checking whether we are using the GNU C compiler
configure:2812: gcc -c   conftest.c >&5
configure:2818: $? = 0
configure:2822: test -z 
			 || test ! -s conftest.err
configure:2825: $? = 0
configure:2828: test -s conftest.o
configure:2831: $? = 0
configure:2844: result: yes
configure:2850: checking whether gcc accepts -g
configure:2871: gcc -c -g  conftest.c >&5
configure:2877: $? = 0
configure:2881: test -z 
			 || test ! -s conftest.err
configure:2884: $? = 0
configure:2887: test -s conftest.o
configure:2890: $? = 0
configure:2901: result: yes
configure:2918: checking for gcc option to accept ANSI C
configure:2988: gcc  -c -g -O2  conftest.c >&5
configure:2994: $? = 0
configure:2998: test -z 
			 || test ! -s conftest.err
configure:3001: $? = 0
configure:3004: test -s conftest.o
configure:3007: $? = 0
configure:3025: result: none needed
configure:3043: gcc -c -g -O2  conftest.c >&5
conftest.c:2: error: expected '=', ',', ';', 'asm' or '__attribute__' before 'me'
configure:3049: $? = 1
configure: failed program was:
| #ifndef __cplusplus
|   choke me
| #endif
configure:3184: checking dependency style of gcc
configure:3274: result: none
configure:3296: checking how to run the C preprocessor
configure:3331: gcc -E  conftest.c
configure:3337: $? = 0
configure:3369: gcc -E  conftest.c
conftest.c:11:28: error: ac_nonexistent.h: No such file or directory
configure:3375: $? = 1
configure: failed program was:
| /* confdefs.h.  */
| 
| #define PACKAGE_NAME "libmyabkm"
| #define PACKAGE_TARNAME "libmyabkm"
| #define PACKAGE_VERSION "1.5"
| #define PACKAGE_STRING "libmyabkm 1.5"
| #define PACKAGE_BUGREPORT "voica@mail.desy.de"
| #define PACKAGE "libmyabkm"
| #define VERSION "1.0"
| /* end confdefs.h.  */
| #include <ac_nonexistent.h>
configure:3414: result: gcc -E
configure:3438: gcc -E  conftest.c
configure:3444: $? = 0
configure:3476: gcc -E  conftest.c
conftest.c:11:28: error: ac_nonexistent.h: No such file or directory
configure:3482: $? = 1
configure: failed program was:
| /* confdefs.h.  */
| 
| #define PACKAGE_NAME "libmyabkm"
| #define PACKAGE_TARNAME "libmyabkm"
| #define PACKAGE_VERSION "1.5"
| #define PACKAGE_STRING "libmyabkm 1.5"
| #define PACKAGE_BUGREPORT "voica@mail.desy.de"
| #define PACKAGE "libmyabkm"
| #define VERSION "1.0"
| /* end confdefs.h.  */
| #include <ac_nonexistent.h>
configure:3566: checking for ranlib
configure:3582: found /usr/bin/ranlib
configure:3593: result: ranlib
configure:3612: checking how to get verbose linking output from gfortran
configure:3623: gfortran -c -g -O2  conftest.f >&5
configure:3629: $? = 0
configure:3633: test -z 
			 || test ! -s conftest.err
configure:3636: $? = 0
configure:3639: test -s conftest.o
configure:3642: $? = 0
configure:3659: gfortran -o conftest -g -O2 -v -L/usr/X11R6/lib -lX11 -lm  conftest.f  >&5
Using built-in specs.
Target: i386-redhat-linux
Configured with: ../configure --prefix=/usr --mandir=/usr/share/man --infodir=/usr/share/info --enable-shared --enable-threads=posix --enable-checking=release --with-system-zlib --enable-__cxa_atexit --disable-libunwind-exceptions --enable-libgcj-multifile --enable-languages=c,c++,objc,obj-c++,java,fortran,ada --enable-java-awt=gtk --disable-dssi --disable-plugin --with-java-home=/usr/lib/jvm/java-1.4.2-gcj-1.4.2.0/jre --with-cpu=generic --host=i386-redhat-linux
Thread model: posix
gcc version 4.1.2 20080704 (Red Hat 4.1.2-50)
 /usr/libexec/gcc/i386-redhat-linux/4.1.2/f951 conftest.f -ffixed-form -quiet -dumpbase conftest.f -mtune=generic -auxbase conftest -g -O2 -version -I /usr/lib/gcc/i386-redhat-linux/4.1.2/finclude -o /tmp/cckBIOJw.s
GNU F95 version 4.1.2 20080704 (Red Hat 4.1.2-50) (i386-redhat-linux)
	compiled by GNU C version 4.1.2 20080704 (Red Hat 4.1.2-50).
GGC heuristics: --param ggc-min-expand=100 --param ggc-min-heapsize=131072
 as -V -Qy -o /tmp/ccoLlnZR.o /tmp/cckBIOJw.s
GNU assembler version 2.17.50.0.6-14.el5 (i386-redhat-linux) using BFD version 2.17.50.0.6-14.el5 20061020
 /usr/libexec/gcc/i386-redhat-linux/4.1.2/collect2 --eh-frame-hdr -m elf_i386 --hash-style=gnu -dynamic-linker /lib/ld-linux.so.2 -o conftest /usr/lib/gcc/i386-redhat-linux/4.1.2/../../../crt1.o /usr/lib/gcc/i386-redhat-linux/4.1.2/../../../crti.o /usr/lib/gcc/i386-redhat-linux/4.1.2/crtbegin.o -L/usr/X11R6/lib -L/usr/lib/gcc/i386-redhat-linux/4.1.2 -L/usr/lib/gcc/i386-redhat-linux/4.1.2 -L/usr/lib/gcc/i386-redhat-linux/4.1.2/../../.. -lX11 -lgfortranbegin -lgfortran -lm /tmp/ccoLlnZR.o -lgfortran -lm -lgcc_s -lgcc -lc -lgcc_s -lgcc /usr/lib/gcc/i386-redhat-linux/4.1.2/crtend.o /usr/lib/gcc/i386-redhat-linux/4.1.2/../../../crtn.o
configure:3714: result: -v
configure:3716: checking for Fortran libraries of gfortran
configure:3737: gfortran -o conftest -g -O2 -v -L/usr/X11R6/lib -lX11 -lm  conftest.f  >&5
Using built-in specs.
Target: i386-redhat-linux
Configured with: ../configure --prefix=/usr --mandir=/usr/share/man --infodir=/usr/share/info --enable-shared --enable-threads=posix --enable-checking=release --with-system-zlib --enable-__cxa_atexit --disable-libunwind-exceptions --enable-libgcj-multifile --enable-languages=c,c++,objc,obj-c++,java,fortran,ada --enable-java-awt=gtk --disable-dssi --disable-plugin --with-java-home=/usr/lib/jvm/java-1.4.2-gcj-1.4.2.0/jre --with-cpu=generic --host=i386-redhat-linux
Thread model: posix
gcc version 4.1.2 20080704 (Red Hat 4.1.2-50)
 /usr/libexec/gcc/i386-redhat-linux/4.1.2/f951 conftest.f -ffixed-form -quiet -dumpbase conftest.f -mtune=generic -auxbase conftest -g -O2 -version -I /usr/lib/gcc/i386-redhat-linux/4.1.2/finclude -o /tmp/ccC2DDuA.s
GNU F95 version 4.1.2 20080704 (Red Hat 4.1.2-50) (i386-redhat-linux)
	compiled by GNU C version 4.1.2 20080704 (Red Hat 4.1.2-50).
GGC heuristics: --param ggc-min-expand=100 --param ggc-min-heapsize=131072
 as -V -Qy -o /tmp/ccgT5dg1.o /tmp/ccC2DDuA.s
GNU assembler version 2.17.50.0.6-14.el5 (i386-redhat-linux) using BFD version 2.17.50.0.6-14.el5 20061020
 /usr/libexec/gcc/i386-redhat-linux/4.1.2/collect2 --eh-frame-hdr -m elf_i386 --hash-style=gnu -dynamic-linker /lib/ld-linux.so.2 -o conftest /usr/lib/gcc/i386-redhat-linux/4.1.2/../../../crt1.o /usr/lib/gcc/i386-redhat-linux/4.1.2/../../../crti.o /usr/lib/gcc/i386-redhat-linux/4.1.2/crtbegin.o -L/usr/X11R6/lib -L/usr/lib/gcc/i386-redhat-linux/4.1.2 -L/usr/lib/gcc/i386-redhat-linux/4.1.2 -L/usr/lib/gcc/i386-redhat-linux/4.1.2/../../.. -lX11 -lgfortranbegin -lgfortran -lm /tmp/ccgT5dg1.o -lgfortran -lm -lgcc_s -lgcc -lc -lgcc_s -lgcc /usr/lib/gcc/i386-redhat-linux/4.1.2/crtend.o /usr/lib/gcc/i386-redhat-linux/4.1.2/../../../crtn.o
configure:3898: result:  -L/usr/X11R6/lib -L/usr/lib/gcc/i386-redhat-linux/4.1.2 -L/usr/lib/gcc/i386-redhat-linux/4.1.2/../../.. -lX11 -lgfortranbegin -lgfortran -lm -lgcc_s
configure:3915: checking for dummy main to link with Fortran libraries
configure:3954: gcc -o conftest -g -O2  -L/usr/X11R6/lib -lX11 -lm conftest.c   -L/usr/X11R6/lib -L/usr/lib/gcc/i386-redhat-linux/4.1.2 -L/usr/lib/gcc/i386-redhat-linux/4.1.2/../../.. -lX11 -lgfortranbegin -lgfortran -lm -lgcc_s >&5
configure:3960: $? = 0
configure:3964: test -z 
			 || test ! -s conftest.err
configure:3967: $? = 0
configure:3970: test -s conftest
configure:3973: $? = 0
configure:4051: result: none
configure:4088: checking for Fortran name-mangling scheme
configure:4102: gfortran -c -g -O2  conftest.f >&5
configure:4108: $? = 0
configure:4112: test -z 
			 || test ! -s conftest.err
configure:4115: $? = 0
configure:4118: test -s conftest.o
configure:4121: $? = 0
configure:4168: gcc -o conftest -g -O2  -L/usr/X11R6/lib -lX11 -lm conftest.c cfortran_test.o   -L/usr/X11R6/lib -L/usr/lib/gcc/i386-redhat-linux/4.1.2 -L/usr/lib/gcc/i386-redhat-linux/4.1.2/../../.. -lX11 -lgfortranbegin -lgfortran -lm -lgcc_s >&5
/tmp/ccmWtNdA.o: In function `main':
/afs/desy.de/user/r/ringaile/h1ng401/herafitter-trunk-abkm/trunk/ABKM/conftest.c:30: undefined reference to `foobar'
collect2: ld returned 1 exit status
configure:4174: $? = 1
configure: failed program was:
| /* confdefs.h.  */
| 
| #define PACKAGE_NAME "libmyabkm"
| #define PACKAGE_TARNAME "libmyabkm"
| #define PACKAGE_VERSION "1.5"
| #define PACKAGE_STRING "libmyabkm 1.5"
| #define PACKAGE_BUGREPORT "voica@mail.desy.de"
| #define PACKAGE "libmyabkm"
| #define VERSION "1.0"
| /* end confdefs.h.  */
| 
| /* Override any gcc2 internal prototype to avoid an error.  */
| #ifdef __cplusplus
| extern "C"
| #endif
| /* We use char because int might match the return type of a gcc2
|    builtin and then its argument prototype would still apply.  */
| char foobar ();
| #ifdef FC_DUMMY_MAIN
| #ifndef FC_DUMMY_MAIN_EQ_F77
| #  ifdef __cplusplus
|      extern "C"
| #  endif
|    int FC_DUMMY_MAIN() { return 1; }
| #endif
| #endif
| int
| main ()
| {
| foobar ();
|   ;
|   return 0;
| }
configure:4168: gcc -o conftest -g -O2  -L/usr/X11R6/lib -lX11 -lm conftest.c cfortran_test.o   -L/usr/X11R6/lib -L/usr/lib/gcc/i386-redhat-linux/4.1.2 -L/usr/lib/gcc/i386-redhat-linux/4.1.2/../../.. -lX11 -lgfortranbegin -lgfortran -lm -lgcc_s >&5
configure:4174: $? = 0
configure:4178: test -z 
			 || test ! -s conftest.err
configure:4181: $? = 0
configure:4184: test -s conftest
configure:4187: $? = 0
configure:4255: gcc -o conftest -g -O2  -L/usr/X11R6/lib -lX11 -lm conftest.c cfortran_test.o   -L/usr/X11R6/lib -L/usr/lib/gcc/i386-redhat-linux/4.1.2 -L/usr/lib/gcc/i386-redhat-linux/4.1.2/../../.. -lX11 -lgfortranbegin -lgfortran -lm -lgcc_s >&5
configure:4261: $? = 0
configure:4265: test -z 
			 || test ! -s conftest.err
configure:4268: $? = 0
configure:4271: test -s conftest
configure:4274: $? = 0
configure:4324: result: lower case, underscore, no extra underscore
configure:4429: checking how to get verbose linking output from gfortran
configure:4440: gfortran -c -g -O2 conftest.f >&5
configure:4446: $? = 0
configure:4450: test -z 
			 || test ! -s conftest.err
configure:4453: $? = 0
configure:4456: test -s conftest.o
configure:4459: $? = 0
configure:4476: gfortran -o conftest -g -O2 -v -L/usr/X11R6/lib -lX11 -lm conftest.f  >&5
Using built-in specs.
Target: i386-redhat-linux
Configured with: ../configure --prefix=/usr --mandir=/usr/share/man --infodir=/usr/share/info --enable-shared --enable-threads=posix --enable-checking=release --with-system-zlib --enable-__cxa_atexit --disable-libunwind-exceptions --enable-libgcj-multifile --enable-languages=c,c++,objc,obj-c++,java,fortran,ada --enable-java-awt=gtk --disable-dssi --disable-plugin --with-java-home=/usr/lib/jvm/java-1.4.2-gcj-1.4.2.0/jre --with-cpu=generic --host=i386-redhat-linux
Thread model: posix
gcc version 4.1.2 20080704 (Red Hat 4.1.2-50)
 /usr/libexec/gcc/i386-redhat-linux/4.1.2/f951 conftest.f -ffixed-form -quiet -dumpbase conftest.f -mtune=generic -auxbase conftest -g -O2 -version -I /usr/lib/gcc/i386-redhat-linux/4.1.2/finclude -o /tmp/cckmE8ib.s
GNU F95 version 4.1.2 20080704 (Red Hat 4.1.2-50) (i386-redhat-linux)
	compiled by GNU C version 4.1.2 20080704 (Red Hat 4.1.2-50).
GGC heuristics: --param ggc-min-expand=100 --param ggc-min-heapsize=131072
 as -V -Qy -o /tmp/ccKSgwAa.o /tmp/cckmE8ib.s
GNU assembler version 2.17.50.0.6-14.el5 (i386-redhat-linux) using BFD version 2.17.50.0.6-14.el5 20061020
 /usr/libexec/gcc/i386-redhat-linux/4.1.2/collect2 --eh-frame-hdr -m elf_i386 --hash-style=gnu -dynamic-linker /lib/ld-linux.so.2 -o conftest /usr/lib/gcc/i386-redhat-linux/4.1.2/../../../crt1.o /usr/lib/gcc/i386-redhat-linux/4.1.2/../../../crti.o /usr/lib/gcc/i386-redhat-linux/4.1.2/crtbegin.o -L/usr/X11R6/lib -L/usr/lib/gcc/i386-redhat-linux/4.1.2 -L/usr/lib/gcc/i386-redhat-linux/4.1.2 -L/usr/lib/gcc/i386-redhat-linux/4.1.2/../../.. -lX11 -lgfortranbegin -lgfortran -lm /tmp/ccKSgwAa.o -lgfortran -lm -lgcc_s -lgcc -lc -lgcc_s -lgcc /usr/lib/gcc/i386-redhat-linux/4.1.2/crtend.o /usr/lib/gcc/i386-redhat-linux/4.1.2/../../../crtn.o
configure:4531: result: -v
configure:4533: checking for Fortran libraries of gfortran
configure:4554: gfortran -o conftest -g -O2 -v -L/usr/X11R6/lib -lX11 -lm conftest.f  >&5
Using built-in specs.
Target: i386-redhat-linux
Configured with: ../configure --prefix=/usr --mandir=/usr/share/man --infodir=/usr/share/info --enable-shared --enable-threads=posix --enable-checking=release --with-system-zlib --enable-__cxa_atexit --disable-libunwind-exceptions --enable-libgcj-multifile --enable-languages=c,c++,objc,obj-c++,java,fortran,ada --enable-java-awt=gtk --disable-dssi --disable-plugin --with-java-home=/usr/lib/jvm/java-1.4.2-gcj-1.4.2.0/jre --with-cpu=generic --host=i386-redhat-linux
Thread model: posix
gcc version 4.1.2 20080704 (Red Hat 4.1.2-50)
 /usr/libexec/gcc/i386-redhat-linux/4.1.2/f951 conftest.f -ffixed-form -quiet -dumpbase conftest.f -mtune=generic -auxbase conftest -g -O2 -version -I /usr/lib/gcc/i386-redhat-linux/4.1.2/finclude -o /tmp/cciTLVLe.s
GNU F95 version 4.1.2 20080704 (Red Hat 4.1.2-50) (i386-redhat-linux)
	compiled by GNU C version 4.1.2 20080704 (Red Hat 4.1.2-50).
GGC heuristics: --param ggc-min-expand=100 --param ggc-min-heapsize=131072
 as -V -Qy -o /tmp/ccSKicKm.o /tmp/cciTLVLe.s
GNU assembler version 2.17.50.0.6-14.el5 (i386-redhat-linux) using BFD version 2.17.50.0.6-14.el5 20061020
 /usr/libexec/gcc/i386-redhat-linux/4.1.2/collect2 --eh-frame-hdr -m elf_i386 --hash-style=gnu -dynamic-linker /lib/ld-linux.so.2 -o conftest /usr/lib/gcc/i386-redhat-linux/4.1.2/../../../crt1.o /usr/lib/gcc/i386-redhat-linux/4.1.2/../../../crti.o /usr/lib/gcc/i386-redhat-linux/4.1.2/crtbegin.o -L/usr/X11R6/lib -L/usr/lib/gcc/i386-redhat-linux/4.1.2 -L/usr/lib/gcc/i386-redhat-linux/4.1.2 -L/usr/lib/gcc/i386-redhat-linux/4.1.2/../../.. -lX11 -lgfortranbegin -lgfortran -lm /tmp/ccSKicKm.o -lgfortran -lm -lgcc_s -lgcc -lc -lgcc_s -lgcc /usr/lib/gcc/i386-redhat-linux/4.1.2/crtend.o /usr/lib/gcc/i386-redhat-linux/4.1.2/../../../crtn.o
configure:4715: result:  -L/usr/X11R6/lib -L/usr/lib/gcc/i386-redhat-linux/4.1.2 -L/usr/lib/gcc/i386-redhat-linux/4.1.2/../../.. -lX11 -lgfortranbegin -lgfortran -lm -lgcc_s
configure:4731: checking for dummy main to link with Fortran libraries
configure:4778: gcc -o conftest -g -O2  -L/usr/X11R6/lib -lX11 -lm conftest.c   -L/usr/X11R6/lib -L/usr/lib/gcc/i386-redhat-linux/4.1.2 -L/usr/lib/gcc/i386-redhat-linux/4.1.2/../../.. -lX11 -lgfortranbegin -lgfortran -lm -lgcc_s >&5
configure:4784: $? = 0
configure:4788: test -z 
			 || test ! -s conftest.err
configure:4791: $? = 0
configure:4794: test -s conftest
configure:4797: $? = 0
configure:4883: result: none
configure:4920: checking for Fortran name-mangling scheme
configure:4934: gfortran -c -g -O2 conftest.f >&5
configure:4940: $? = 0
configure:4944: test -z 
			 || test ! -s conftest.err
configure:4947: $? = 0
configure:4950: test -s conftest.o
configure:4953: $? = 0
configure:5008: gcc -o conftest -g -O2  -L/usr/X11R6/lib -lX11 -lm conftest.c cfortran_test.o   -L/usr/X11R6/lib -L/usr/lib/gcc/i386-redhat-linux/4.1.2 -L/usr/lib/gcc/i386-redhat-linux/4.1.2/../../.. -lX11 -lgfortranbegin -lgfortran -lm -lgcc_s >&5
/tmp/ccKNhONA.o: In function `main':
/afs/desy.de/user/r/ringaile/h1ng401/herafitter-trunk-abkm/trunk/ABKM/conftest.c:40: undefined reference to `foobar'
collect2: ld returned 1 exit status
configure:5014: $? = 1
configure: failed program was:
| /* confdefs.h.  */
| 
| #define PACKAGE_NAME "libmyabkm"
| #define PACKAGE_TARNAME "libmyabkm"
| #define PACKAGE_VERSION "1.5"
| #define PACKAGE_STRING "libmyabkm 1.5"
| #define PACKAGE_BUGREPORT "voica@mail.desy.de"
| #define PACKAGE "libmyabkm"
| #define VERSION "1.0"
| #define FC_FUNC(name,NAME) name ## _
| #define FC_FUNC_(name,NAME) name ## _
| /* end confdefs.h.  */
| 
| /* Override any gcc2 internal prototype to avoid an error.  */
| #ifdef __cplusplus
| extern "C"
| #endif
| /* We use char because int might match the return type of a gcc2
|    builtin and then its argument prototype would still apply.  */
| char foobar ();
| #ifdef F77_DUMMY_MAIN
| 
| #  ifdef __cplusplus
|      extern "C"
| #  endif
|    int F77_DUMMY_MAIN() { return 1; }
| 
| #endif
| #ifdef FC_DUMMY_MAIN
| #ifndef FC_DUMMY_MAIN_EQ_F77
| #  ifdef __cplusplus
|      extern "C"
| #  endif
|    int FC_DUMMY_MAIN() { return 1; }
| #endif
| #endif
| int
| main ()
| {
| foobar ();
|   ;
|   return 0;
| }
configure:5008: gcc -o conftest -g -O2  -L/usr/X11R6/lib -lX11 -lm conftest.c cfortran_test.o   -L/usr/X11R6/lib -L/usr/lib/gcc/i386-redhat-linux/4.1.2 -L/usr/lib/gcc/i386-redhat-linux/4.1.2/../../.. -lX11 -lgfortranbegin -lgfortran -lm -lgcc_s >&5
configure:5014: $? = 0
configure:5018: test -z 
			 || test ! -s conftest.err
configure:5021: $? = 0
configure:5024: test -s conftest
configure:5027: $? = 0
configure:5103: gcc -o conftest -g -O2  -L/usr/X11R6/lib -lX11 -lm conftest.c cfortran_test.o   -L/usr/X11R6/lib -L/usr/lib/gcc/i386-redhat-linux/4.1.2 -L/usr/lib/gcc/i386-redhat-linux/4.1.2/../../.. -lX11 -lgfortranbegin -lgfortran -lm -lgcc_s >&5
configure:5109: $? = 0
configure:5113: test -z 
			 || test ! -s conftest.err
configure:5116: $? = 0
configure:5119: test -s conftest
configure:5122: $? = 0
configure:5172: result: lower case, underscore, no extra underscore
configure:5417: creating ./config.status

## ---------------------- ##
## Running config.status. ##
## ---------------------- ##

This file was extended by libmyabkm config.status 1.5, which was
generated by GNU Autoconf 2.59.  Invocation command line was

  CONFIG_FILES    = 
  CONFIG_HEADERS  = 
  CONFIG_LINKS    = 
  CONFIG_COMMANDS = 
  $ ./config.status 

on h1ng401

config.status:691: creating src/Makefile
config.status:691: creating Makefile
config.status:874: executing depfiles commands

## ---------------- ##
## Cache variables. ##
## ---------------- ##

ac_cv_c_compiler_gnu=yes
ac_cv_env_CC_set=
ac_cv_env_CC_value=
ac_cv_env_CFLAGS_set=
ac_cv_env_CFLAGS_value=
ac_cv_env_CPPFLAGS_set=
ac_cv_env_CPPFLAGS_value=
ac_cv_env_CPP_set=
ac_cv_env_CPP_value=
ac_cv_env_F77_set=
ac_cv_env_F77_value=
ac_cv_env_FCFLAGS_set=
ac_cv_env_FCFLAGS_value=
ac_cv_env_FC_set=
ac_cv_env_FC_value=
ac_cv_env_FFLAGS_set=
ac_cv_env_FFLAGS_value=
ac_cv_env_LDFLAGS_set=set
ac_cv_env_LDFLAGS_value='-L/usr/X11R6/lib -lX11 -lm'
ac_cv_env_build_alias_set=
ac_cv_env_build_alias_value=
ac_cv_env_host_alias_set=
ac_cv_env_host_alias_value=
ac_cv_env_target_alias_set=
ac_cv_env_target_alias_value=
ac_cv_exeext=
ac_cv_f77_compiler_gnu=yes
ac_cv_f77_dummy_main=none
ac_cv_f77_libs=' -L/usr/X11R6/lib -L/usr/lib/gcc/i386-redhat-linux/4.1.2 -L/usr/lib/gcc/i386-redhat-linux/4.1.2/../../.. -lX11 -lgfortranbegin -lgfortran -lm -lgcc_s'
ac_cv_f77_mangling='lower case, underscore, no extra underscore'
ac_cv_fc_compiler_gnu=yes
ac_cv_fc_dummy_main=none
ac_cv_fc_libs=' -L/usr/X11R6/lib -L/usr/lib/gcc/i386-redhat-linux/4.1.2 -L/usr/lib/gcc/i386-redhat-linux/4.1.2/../../.. -lX11 -lgfortranbegin -lgfortran -lm -lgcc_s'
ac_cv_fc_mangling='lower case, underscore, no extra underscore'
ac_cv_fortran_dummy_main=none
ac_cv_objext=o
ac_cv_path_install='/usr/bin/install -c'
ac_cv_prog_AWK=gawk
ac_cv_prog_CPP='gcc -E'
ac_cv_prog_ac_ct_CC=gcc
ac_cv_prog_ac_ct_F77=gfortran
ac_cv_prog_ac_ct_FC=gfortran
ac_cv_prog_ac_ct_RANLIB=ranlib
ac_cv_prog_cc_g=yes
ac_cv_prog_cc_stdc=
ac_cv_prog_f77_g=yes
ac_cv_prog_f77_v=-v
ac_cv_prog_fc_g=yes
ac_cv_prog_fc_v=-v
ac_cv_prog_make_make_set=yes
am_cv_CC_dependencies_compiler_type=none

## ----------------- ##
## Output variables. ##
## ----------------- ##

ACLOCAL='${SHELL} /afs/desy.de/user/r/ringaile/h1ng401/herafitter-trunk-abkm/trunk/ABKM/missing --run aclocal-1.9'
AMDEPBACKSLASH='\'
AMDEP_FALSE='#'
AMDEP_TRUE=''
AMTAR='${SHELL} /afs/desy.de/user/r/ringaile/h1ng401/herafitter-trunk-abkm/trunk/ABKM/missing --run tar'
AUTOCONF='${SHELL} /afs/desy.de/user/r/ringaile/h1ng401/herafitter-trunk-abkm/trunk/ABKM/missing --run autoconf'
AUTOHEADER='${SHELL} /afs/desy.de/user/r/ringaile/h1ng401/herafitter-trunk-abkm/trunk/ABKM/missing --run autoheader'
AUTOMAKE='${SHELL} /afs/desy.de/user/r/ringaile/h1ng401/herafitter-trunk-abkm/trunk/ABKM/missing --run automake-1.9'
AWK='gawk'
CC='gcc'
CCDEPMODE='depmode=none'
CFLAGS='-g -O2'
CPP='gcc -E'
CPPFLAGS=''
CYGPATH_W='echo'
DEFS='-DPACKAGE_NAME=\"libmyabkm\" -DPACKAGE_TARNAME=\"libmyabkm\" -DPACKAGE_VERSION=\"1.5\" -DPACKAGE_STRING=\"libmyabkm\ 1.5\" -DPACKAGE_BUGREPORT=\"voica@mail.desy.de\" -DPACKAGE=\"libmyabkm\" -DVERSION=\"1.0\" -DFC_FUNC\(name,NAME\)=name\ \#\#\ _ -DFC_FUNC_\(name,NAME\)=name\ \#\#\ _ -DF77_FUNC\(name,NAME\)=name\ \#\#\ _ -DF77_FUNC_\(name,NAME\)=name\ \#\#\ _ '
DEPDIR='.deps'
ECHO_C=''
ECHO_N='-n'
ECHO_T=''
EXEEXT=''
F77='gfortran'
FC='gfortran'
FCFLAGS='-g -O2'
FCLIBS=' -L/usr/X11R6/lib -L/usr/lib/gcc/i386-redhat-linux/4.1.2 -L/usr/lib/gcc/i386-redhat-linux/4.1.2/../../.. -lX11 -lgfortranbegin -lgfortran -lm -lgcc_s'
FFLAGS='-g -O2'
FLIBS=' -L/usr/X11R6/lib -L/usr/lib/gcc/i386-redhat-linux/4.1.2 -L/usr/lib/gcc/i386-redhat-linux/4.1.2/../../.. -lX11 -lgfortranbegin -lgfortran -lm -lgcc_s'
INSTALL_DATA='${INSTALL} -m 644'
INSTALL_PROGRAM='${INSTALL}'
INSTALL_SCRIPT='${INSTALL}'
INSTALL_STRIP_PROGRAM='${SHELL} $(install_sh) -c -s'
LDFLAGS='-L/usr/X11R6/lib -lX11 -lm'
LIBOBJS=''
LIBS=''
LTLIBOBJS=''
MAKEINFO='${SHELL} /afs/desy.de/user/r/ringaile/h1ng401/herafitter-trunk-abkm/trunk/ABKM/missing --run makeinfo'
OBJEXT='o'
PACKAGE='libmyabkm'
PACKAGE_BUGREPORT='voica@mail.desy.de'
PACKAGE_NAME='libmyabkm'
PACKAGE_STRING='libmyabkm 1.5'
PACKAGE_TARNAME='libmyabkm'
PACKAGE_VERSION='1.5'
PATH_SEPARATOR=':'
RANLIB='ranlib'
SET_MAKE=''
SHELL='/bin/sh'
STRIP=''
VERSION='1.0'
ac_ct_CC='gcc'
ac_ct_F77='gfortran'
ac_ct_FC='gfortran'
ac_ct_RANLIB='ranlib'
ac_ct_STRIP=''
am__fastdepCC_FALSE=''
am__fastdepCC_TRUE='#'
am__include='include'
am__leading_dot='.'
am__quote=''
am__tar='${AMTAR} chof - "$$tardir"'
am__untar='${AMTAR} xf -'
bindir='${exec_prefix}/bin'
build_alias=''
datadir='${prefix}/share'
exec_prefix='${prefix}'
host_alias=''
includedir='${prefix}/include'
infodir='${prefix}/info'
install_sh='/afs/desy.de/user/r/ringaile/h1ng401/herafitter-trunk-abkm/trunk/ABKM/install-sh'
libdir='${exec_prefix}/lib'
libexecdir='${exec_prefix}/libexec'
localstatedir='${prefix}/var'
mandir='${prefix}/man'
mkdir_p='mkdir -p --'
oldincludedir='/usr/include'
prefix='/afs/desy.de/user/r/ringaile/h1ng401/herafitter-trunk-abkm/trunk'
program_transform_name='s,x,x,'
sbindir='${exec_prefix}/sbin'
sharedstatedir='${prefix}/com'
sysconfdir='${prefix}/etc'
target_alias=''

## ----------- ##
## confdefs.h. ##
## ----------- ##

#define F77_FUNC(name,NAME) name ## _
#define F77_FUNC_(name,NAME) name ## _
#define FC_FUNC(name,NAME) name ## _
#define FC_FUNC_(name,NAME) name ## _
#define PACKAGE "libmyabkm"
#define PACKAGE_BUGREPORT "voica@mail.desy.de"
#define PACKAGE_NAME "libmyabkm"
#define PACKAGE_STRING "libmyabkm 1.5"
#define PACKAGE_TARNAME "libmyabkm"
#define PACKAGE_VERSION "1.5"
#define VERSION "1.0"

configure: exit 0
