# steering_fantomas.txt
# 2025-01-09 16:07:05
# improved chi2 during fitting process
448.8399211
448.8399206
448.8395498
448.8394051
448.746521
448.7021508
448.6987963
448.5497645
448.5413738
448.5404793
448.5401227
448.0719767
447.9913333
447.9900279
447.9886647
447.9880798
447.9875791
447.9870638
447.7473122
447.7090597
447.708752
447.7043393
447.7040464
447.703594
447.522529
447.2990489
447.296683
447.2946599
447.2919055
447.2907037
447.1307407
446.559532
445.7747841
445.6931805
445.6872022
445.6812068
445.6760678
444.4336237
444.4301727
444.4230048
444.2024222
444.0244824
444.023066
444.0188968
444.0165577
443.5130724
443.1995884
443.1955773
443.1927834
443.1897692
443.188485
442.7877441
441.7304649
441.6620663
441.651175
441.6506852
441.6468912
441.6432054
441.2881185
440.2335901
440.06842
440.0554611
440.0503742
440.0473438
439.7398222
439.1154398
439.1070228
439.1048368
439.1039046
439.0998081
438.828823
438.0111514
437.7094853
437.7056995
437.7024297
437.7014119
437.6986785
437.6056539
436.9461604
436.9362077
436.9356288
436.9333773
436.1020164
435.7269323
435.7202441
435.711245
434.9883962
434.6398762
434.5989667
434.5889943
434.5745101
434.5718213
434.5615233
434.0352224
433.5997601
433.5962937
433.5699628
433.5639775
433.5598081
433.5535127
433.5319229
433.3015491
433.3011334
433.2992251
433.2979641
433.1662376
433.1629664
433.1601637
433.1575396
433.0917861
433.0783888
433.0777635
433.0774123
433.0757166
433.0262885
432.9767571
432.9730561
432.9725165
432.9722179
432.9715209
432.9712774
432.9712312
432.9351011
432.8742385
432.8723029
432.8719102
432.8691621
432.8520599
432.8518148
432.8502353
432.8474651
432.8449802
432.8424421
432.8423661
432.8408717
432.8374595
432.8223079
432.8085066
432.8079815
432.8074072
432.8058793
432.8057838
432.8028784
432.7575915
432.7056147
432.7050201
432.7045855
432.7043094
432.7037316
432.7036544
432.6626247
432.6592744
432.6587721
432.6577921
432.6569195
432.6560348
432.6493912
432.644807
432.6447875
432.6423755
432.6410376
432.6348484
432.6181882
432.6181706
432.6169127
432.6159836
432.582945
432.5184032
432.5170623
432.5166015
432.5097373
432.4894829
432.4826927
432.4819095
432.4817669
432.4817087
432.4788241
432.4780336
432.4565747
432.4029653
432.3861747
432.3841927
432.3824605
432.3803934
432.2999735
432.2918105
432.2881631
432.2875099
432.2874006
432.2873947
432.2871168
432.26868
432.258036
432.2572918
432.2572318
432.2565304
432.2565263
432.2565081
432.2480549
432.2426392
432.2421055
432.2419664
432.241468
432.2413823
432.2411883
432.2360928
432.2346494
432.2339215
432.2323645
432.2323568
432.2323124
432.2323025
432.2322471
432.2318369
432.2318369
432.2317158
432.2316355
432.2316009
432.2311895
432.2286268
432.2282892
432.2270568
432.226742
432.2264785
432.2264785
432.2264765
432.2257761
432.2254669
432.2250838
432.2248699
432.2237754
432.2235278
432.222237
432.2220548
432.2215721
432.2215721
432.2209953
432.2209592
432.2209592
432.2208784
432.2208757
432.2208757
432.220873
432.2208687
432.2208687
432.2208574
432.220852
432.220852
432.2208188
432.2208054
432.2208054
432.2207747
432.2206345
432.2206345
432.2205078
432.220353
432.220353
432.2201755
432.2197201
432.2197201
432.2195746
432.2194501
432.2194501
432.2194501
432.2194262
432.2194262
432.2187836
432.2184531
432.2183131
432.2182344
432.2181217
432.2179885
432.2179279
432.2179069
432.2178739
432.2178649
432.2175121
432.217366
432.2171828
432.2171828
432.2170885
432.2170885
432.2170885
432.2170257
432.2169571
432.2168997
432.2168994
432.2167802
432.2167802
432.2167767
432.2167246
432.2167246
432.2166989
432.2165182
432.2164781
432.2164781
432.2164509
432.216432
432.216432
432.2164236
432.2164234
432.2164234
432.2164221
432.2163645
432.2162445
432.2160645
