# steering_fantomas.txt
# 2024-11-08 15:01:44
# improved chi2 during fitting process
1548.567878
1544.957628
1540.92871
1516.260953
1446.125871
989.4354987
948.9071445
948.8732674
948.6744987
948.6554347
948.5772217
896.0698847
747.2411965
693.258039
693.2107765
693.0398483
692.9146557
656.8889684
586.1662556
585.8940136
585.8647507
585.6250642
554.2554398
545.8490261
545.5851942
545.5161543
545.4775685
545.4680882
532.1260061
512.3212972
512.3071473
512.2674599
511.8806361
511.7372233
511.7336227
511.6978613
511.2591704
509.7650255
508.7327226
508.7278074
508.7229624
508.7143289
508.7011013
506.4526865
506.0641871
506.054501
506.0438627
506.0139022
505.9080105
505.5886043
505.5752823
505.5727041
505.5686233
505.5553913
505.5399405
504.8344843
502.5780834
501.3484709
501.3390288
501.3346295
501.3334382
501.3306683
501.1509152
501.0501072
501.045392
501.0262207
500.9273685
500.5525795
500.3448744
500.3299026
500.3092215
499.1207033
494.6480562
486.1638741
483.3235966
483.2780581
473.8796755
472.1890753
472.1298032
472.1066385
472.0974685
472.0942077
468.0145622
467.8397077
467.8390797
467.8363804
467.8353319
467.8347939
467.8333632
467.8262484
467.1860687
467.1439997
467.1335442
467.1301865
466.6124948
466.2407966
466.2362931
466.2311055
466.1203647
466.1154174
466.1138744
466.1092178
466.0862423
466.0740133
466.0733629
466.0699615
466.0691008
466.0674388
466.0514916
466.0046422
466.0035368
466.0032179
466.002466
465.9991296
465.9973088
465.9491906
465.7507419
465.3903199
465.2280755
465.2198355
465.2180175
465.2154703
465.2132405
463.8640832
460.1674998
459.8596817
459.857762
459.8450846
459.8446678
459.831046
458.7013767
457.601887
457.1018256
457.0909334
457.0852525
457.0815515
457.0787629
457.0613469
456.0390538
452.7040739
450.9206818
450.8029748
450.7830912
450.7793087
450.7783776
448.637368
448.5729703
448.5684537
448.5653793
448.5618205
447.607971
447.3287707
447.2837491
447.2792289
447.2750649
447.2632135
447.0306612
446.9373773
446.9364258
446.9338271
446.9319633
446.9315234
446.926404
446.7757222
446.7728929
446.7704517
446.7686039
446.6823353
446.6766239
446.6744103
446.670902
446.6688443
446.6460831
446.6407169
446.6393365
446.6387059
446.6350228
446.6319568
446.6303566
446.6287931
446.6280818
446.6251155
446.6231997
446.6147634
446.6119196
446.6081037
446.6061598
446.5875772
446.550705
446.5362944
446.5329024
446.5269555
446.4166449
446.1533155
446.1390216
446.1385196
446.1311251
446.1274394
445.7576017
444.7718926
444.7126722
444.7095567
444.7061174
444.7044243
444.7032525
444.4781046
444.0661485
444.0651512
444.0610899
444.0575341
443.9806752
443.9794406
443.9765249
443.9761723
443.9722851
443.9324945
443.931081
443.9289134
443.9279913
443.9245067
443.8817369
443.880431
443.878752
443.8775234
443.8398527
443.8382574
443.8380498
443.8372723
443.8183349
443.8142004
443.8128682
443.8126548
443.8116461
443.8090549
443.8087314
443.8079811
443.8068858
443.8016346
443.7977491
443.7968716
443.795047
443.79476
443.7943161
443.7915402
443.7912328
443.7856812
443.7853471
443.7823537
443.7820461
443.7818628
443.7813138
443.778527
443.7782634
443.7676958
443.7624822
443.7623887
443.7598001
443.7588953
443.7477228
443.7452118
443.7436177
443.7434961
443.7407719
443.7329139
443.7050905
443.7041134
443.7026452
443.7010658
443.6977162
443.6963691
443.6791208
443.6710539
443.6551289
443.6549622
443.6538582
443.6529135
443.6488324
443.6402106
443.6343132
443.5804647
443.5691512
443.5686077
443.5682752
443.5676462
443.5281733
443.5278536
443.5273999
443.5267653
443.5215322
443.5206506
443.520424
443.5199609
443.5198675
443.5194162
443.5193661
443.5192342
443.5187532
443.5178541
443.5172567
443.5172048
443.516196
443.5157976
443.5151134
443.5147255
443.5140639
443.5140202
443.5135327
443.5130415
443.5129137
443.5126397
443.5121346
443.5117362
443.5113815
443.510724
443.5088386
443.5034363
443.4905056
443.481176
443.4808581
443.4800111
443.4794207
443.4769938
443.434379
443.2817074
443.1826618
443.1664773
443.1631186
443.1629739
443.1586353
443.1209142
442.9413488
442.6424275
442.6366689
442.6363279
442.6127896
442.6119131
442.6036141
442.6031312
442.5700213
442.4492236
442.402108
442.3969789
442.3966529
442.3943382
442.3618789
442.218632
442.0899916
442.0780162
442.0750421
442.0723586
442.0717338
442.0698152
441.8708172
441.8649273
441.8633137
441.8624193
441.86191
441.8599089
441.7131215
441.7026514
441.6885749
441.6833138
441.6819156
441.6011824
441.4668765
441.4595424
441.4589219
441.4565973
441.4564067
441.451101
441.4507413
441.4243593
441.4184852
441.4140962
441.414047
441.4140423
441.4092554
441.3720954
441.3561359
441.3544117
441.354385
441.3538899
441.344701
441.3244517
441.2837832
441.2788905
441.2746507
441.2746124
441.2692013
441.2497273
441.1730736
441.1563238
441.1537664
441.1445155
441.076504
441.0750063
441.0732785
441.0660441
441.0297518
441.0251777
441.0250366
441.0246642
441.0164055
441.0116982
441.0099517
441.0098907
441.0033981
440.9993632
440.9772326
440.9756044
440.9752362
440.9679912
440.962043
440.9616471
440.9615839
440.9615405
440.9524443
440.9513027
440.9505804
440.9499966
440.9418959
440.9417461
440.9327652
440.9303695
440.9291904
440.9269978
440.9255751
440.924394
440.9230861
440.9227202
440.9225189
440.9174425
440.905655
440.9054241
440.9051024
440.9041901
440.9040503
440.9029953
440.8951037
440.8802136
440.8593799
440.8572377
440.8476963
440.8332826
440.8065752
440.805481
440.7995243
440.7925735
440.7773404
440.7263577
440.6254797
440.6194758
440.6180889
440.6090426
440.6085016
440.6084819
440.5529308
440.5523006
440.5516222
440.5506398
440.5424393
440.5243348
440.5227199
440.5225403
440.5216487
440.5128208
440.5076834
